<?xml version="1.0" encoding="UTF-8"?>
<beans xmlns="http://www.springframework.org/schema/beans"
       xmlns:jpa="http://www.springframework.org/schema/data/jpa"
       xmlns:context="http://www.springframework.org/schema/context"
       xmlns:tx="http://www.springframework.org/schema/tx"
       xmlns:xsi="http://www.w3.org/2001/XMLSchema-instance"
       xsi:schemaLocation="
        http://www.springframework.org/schema/context http://www.springframework.org/schema/context/spring-context-3.0.xsd
        http://www.springframework.org/schema/beans http://www.springframework.org/schema/beans/spring-beans.xsd
		http://www.springframework.org/schema/data/jpa http://www.springframework.org/schema/data/jpa/spring-jpa.xsd
		http://www.springframework.org/schema/tx http://www.springframework.org/schema/tx/spring-tx-3.0.xsd">

    <context:annotation-config/>

    <import resource="context-dal.xml"/>

    <!--
        Overrides the dummy definition of jdbcDataSource.preInit to ensure the test db exists
        Must come after importing "context-dal.xml"
    -->
    <bean name="jdbcDataSource.preInit" class="com.github.testr.sample.dal.fixture.MySQLDatabaseFixture">
        <property name="username" value="root"/>
        <property name="password" value=""/>
        <property name="url" value="jdbc:mysql://localhost/testr"/>
        <property name="sqlScripts">
            <array>
                <value>classpath:sql/create.sql</value>
                <value>classpath:sql/other.sql</value>
            </array>
        </property>
    </bean>

    <bean class="com.github.testr.sample.dal.fixture.DefaultFixture" scope="prototype"/>

</beans>
